<?xml version="1.0" encoding="UTF-8"?>
<testng-results ignored="0" total="1" passed="1" failed="0" skipped="0">
  <reporter-output>
  </reporter-output>
  <suite started-at="2023-03-17T12:52:20 IST" name="Default suite" finished-at="2023-03-17T12:53:23 IST" duration-ms="62567">
    <groups>
    </groups>
    <test started-at="2023-03-17T12:52:20 IST" name="Default test" finished-at="2023-03-17T12:53:23 IST" duration-ms="62567">
      <class name="pojo.Vt_Class5">
        <test-method signature="VTselectnewpaymentmethod()[pri:0, instance:pojo.Vt_Class5@2ed2d9cb]" started-at="2023-03-17T12:52:20 IST" name="VTselectnewpaymentmethod" finished-at="2023-03-17T12:53:23 IST" duration-ms="62496" status="PASS">
          <reporter-output>
          </reporter-output>
        </test-method> <!-- VTselectnewpaymentmethod -->
      </class> <!-- pojo.Vt_Class5 -->
    </test> <!-- Default test -->
  </suite> <!-- Default suite -->
</testng-results>
